# JRE version: Java(TM) SE Runtime Environment (9.0+11) (build 9.0.4+11)
# Java VM: Java HotSpot(TM) 64-Bit Server VM (9.0.4+11, mixed mode, tiered, compressed oops, g1 gc, windows-amd64)
Heap:
 garbage-first heap   total 344064K, used 117787K [0x0000000700000000, 0x0000000700100a80, 0x00000007c0000000)
  region size 1024K, 14 young (14336K), 0 survivors (0K)
 Metaspace       used 91214K, capacity 97839K, committed 98172K, reserved 1134592K
  class space    used 12188K, capacity 13350K, committed 13436K, reserved 1048576K
GC Heap History (10 events):
Event: 2467.917 GC heap before
{Heap before GC invocations=658 (full 178):
 garbage-first heap   total 344064K, used 165436K [0x0000000700000000, 0x0000000700100a80, 0x00000007c0000000)
  region size 1024K, 60 young (61440K), 1 survivors (1024K)
 Metaspace       used 91108K, capacity 97599K, committed 97788K, reserved 1134592K
  class space    used 12161K, capacity 13298K, committed 13308K, reserved 1048576K
}
Event: 2467.920 GC heap after
{Heap after GC invocations=659 (full 178):
 garbage-first heap   total 344064K, used 105074K [0x0000000700000000, 0x0000000700100a80, 0x00000007c0000000)
  region size 1024K, 1 young (1024K), 1 survivors (1024K)
 Metaspace       used 91108K, capacity 97599K, committed 97788K, reserved 1134592K
  class space    used 12161K, capacity 13298K, committed 13308K, reserved 1048576K
}
Event: 2468.739 GC heap before
{Heap before GC invocations=659 (full 178):
 garbage-first heap   total 344064K, used 165490K [0x0000000700000000, 0x0000000700100a80, 0x00000007c0000000)
  region size 1024K, 60 young (61440K), 1 survivors (1024K)
 Metaspace       used 91204K, capacity 97839K, committed 98172K, reserved 1134592K
  class space    used 12188K, capacity 13350K, committed 13436K, reserved 1048576K
}
Event: 2468.741 GC heap after
{Heap after GC invocations=660 (full 178):
 garbage-first heap   total 344064K, used 104996K [0x0000000700000000, 0x0000000700100a80, 0x00000007c0000000)
  region size 1024K, 1 young (1024K), 1 survivors (1024K)
 Metaspace       used 91204K, capacity 97839K, committed 98172K, reserved 1134592K
  class space    used 12188K, capacity 13350K, committed 13436K, reserved 1048576K
}
Event: 2469.023 GC heap before
{Heap before GC invocations=660 (full 178):
 garbage-first heap   total 344064K, used 165412K [0x0000000700000000, 0x0000000700100a80, 0x00000007c0000000)
  region size 1024K, 60 young (61440K), 1 survivors (1024K)
 Metaspace       used 91204K, capacity 97839K, committed 98172K, reserved 1134592K
  class space    used 12188K, capacity 13350K, committed 13436K, reserved 1048576K
}
Event: 2469.026 GC heap after
{Heap after GC invocations=661 (full 178):
 garbage-first heap   total 344064K, used 105098K [0x0000000700000000, 0x0000000700100a80, 0x00000007c0000000)
  region size 1024K, 1 young (1024K), 1 survivors (1024K)
 Metaspace       used 91204K, capacity 97839K, committed 98172K, reserved 1134592K
  class space    used 12188K, capacity 13350K, committed 13436K, reserved 1048576K
}
Event: 2469.924 GC heap before
{Heap before GC invocations=661 (full 178):
 garbage-first heap   total 344064K, used 165514K [0x0000000700000000, 0x0000000700100a80, 0x00000007c0000000)
  region size 1024K, 60 young (61440K), 1 survivors (1024K)
 Metaspace       used 91205K, capacity 97839K, committed 98172K, reserved 1134592K
  class space    used 12188K, capacity 13350K, committed 13436K, reserved 1048576K
}
Event: 2469.927 GC heap after
{Heap after GC invocations=662 (full 178):
 garbage-first heap   total 344064K, used 105079K [0x0000000700000000, 0x0000000700100a80, 0x00000007c0000000)
  region size 1024K, 1 young (1024K), 1 survivors (1024K)
 Metaspace       used 91205K, capacity 97839K, committed 98172K, reserved 1134592K
  class space    used 12188K, capacity 13350K, committed 13436K, reserved 1048576K
}
Event: 2473.382 GC heap before
{Heap before GC invocations=662 (full 178):
 garbage-first heap   total 344064K, used 134775K [0x0000000700000000, 0x0000000700100a80, 0x00000007c0000000)
  region size 1024K, 31 young (31744K), 1 survivors (1024K)
 Metaspace       used 91210K, capacity 97839K, committed 98172K, reserved 1134592K
  class space    used 12188K, capacity 13350K, committed 13436K, reserved 1048576K
}
Event: 2473.660 GC heap after
{Heap after GC invocations=663 (full 179):
 garbage-first heap   total 344064K, used 104475K [0x0000000700000000, 0x0000000700100a80, 0x00000007c0000000)
  region size 1024K, 0 young (0K), 0 survivors (0K)
 Metaspace       used 91210K, capacity 97839K, committed 98172K, reserved 1134592K
  class space    used 12188K, capacity 13350K, committed 13436K, reserved 1048576K
}

